<?xml version="1.0" encoding="UTF-8"?>
<testng-results ignored="0" total="1" passed="1" failed="0" skipped="0">
  <reporter-output>
  </reporter-output>
  <suite started-at="2024-05-28T15:54:33 IST" name="Default suite" finished-at="2024-05-28T15:54:33 IST" duration-ms="37">
    <groups>
    </groups>
    <test started-at="2024-05-28T15:54:33 IST" name="Default test" finished-at="2024-05-28T15:54:33 IST" duration-ms="37">
      <class name="testng.day1">
        <test-method signature="demo()[pri:0, instance:testng.day1@be35cd9]" started-at="2024-05-28T15:54:33 IST" name="demo" finished-at="2024-05-28T15:54:33 IST" duration-ms="7" status="PASS">
          <reporter-output>
          </reporter-output>
        </test-method> <!-- demo -->
      </class> <!-- testng.day1 -->
    </test> <!-- Default test -->
  </suite> <!-- Default suite -->
</testng-results>
