<?xml version="1.0" encoding="UTF-8"?>
<testng-results ignored="0" total="2" passed="2" failed="0" skipped="0">
  <reporter-output>
  </reporter-output>
  <suite started-at="2024-05-28T17:12:47 IST" name="Default suite" finished-at="2024-05-28T17:12:47 IST" duration-ms="47">
    <groups>
    </groups>
    <test started-at="2024-05-28T17:12:47 IST" name="Default test" finished-at="2024-05-28T17:12:47 IST" duration-ms="47">
      <class name="testng.day1">
        <test-method signature="demo()[pri:0, instance:testng.day1@4944252c]" started-at="2024-05-28T17:12:47 IST" name="demo" finished-at="2024-05-28T17:12:47 IST" duration-ms="6" status="PASS">
          <reporter-output>
          </reporter-output>
        </test-method> <!-- demo -->
        <test-method signature="secondTest()[pri:0, instance:testng.day1@4944252c]" started-at="2024-05-28T17:12:47 IST" name="secondTest" finished-at="2024-05-28T17:12:47 IST" duration-ms="1" status="PASS">
          <reporter-output>
          </reporter-output>
        </test-method> <!-- secondTest -->
      </class> <!-- testng.day1 -->
    </test> <!-- Default test -->
  </suite> <!-- Default suite -->
</testng-results>
